# JRE version: OpenJDK Runtime Environment Microsoft-9388408 (17.0.11+9) (build 17.0.11+9-LTS)
# Java VM: OpenJDK 64-Bit Server VM Microsoft-9388408 (17.0.11+9-LTS, mixed mode, sharing, tiered, compressed oops, compressed class ptrs, g1 gc, windows-amd64)
GC Precious Log:
 CPUs: 8 total, 8 available
 Memory: 11930M
 Large Page Support: Disabled
 NUMA Support: Disabled
 Compressed Oops: Enabled (32-bit)
 Heap Region Size: 1M
 Heap Min Capacity: 8M
 Heap Initial Capacity: 188M
 Heap Max Capacity: 2G
 Pre-touch: Disabled
 Parallel Workers: 8
 Concurrent Workers: 2
 Concurrent Refinement Workers: 8
 Periodic GC: Disabled
Heap:
 garbage-first heap   total 368640K, used 364480K [0x0000000080000000, 0x0000000100000000)
  region size 1024K, 2 young (2048K), 2 survivors (2048K)
 Metaspace       used 127132K, committed 128512K, reserved 557056K
  class space    used 17440K, committed 18112K, reserved 425984K
GC Heap History (20 events):
Event: 42.387 GC heap after
{Heap after GC invocations=65 (full 0):
 garbage-first heap   total 352256K, used 230598K [0x0000000080000000, 0x0000000100000000)
  region size 1024K, 2 young (2048K), 2 survivors (2048K)
 Metaspace       used 120167K, committed 121408K, reserved 557056K
  class space    used 16653K, committed 17280K, reserved 425984K
}
Event: 42.954 GC heap before
{Heap before GC invocations=65 (full 0):
 garbage-first heap   total 352256K, used 312518K [0x0000000080000000, 0x0000000100000000)
  region size 1024K, 71 young (72704K), 2 survivors (2048K)
 Metaspace       used 120455K, committed 121792K, reserved 557056K
  class space    used 16701K, committed 17344K, reserved 425984K
}
Event: 42.961 GC heap after
{Heap after GC invocations=66 (full 0):
 garbage-first heap   total 352256K, used 235386K [0x0000000080000000, 0x0000000100000000)
  region size 1024K, 7 young (7168K), 7 survivors (7168K)
 Metaspace       used 120455K, committed 121792K, reserved 557056K
  class space    used 16701K, committed 17344K, reserved 425984K
}
Event: 43.345 GC heap before
{Heap before GC invocations=66 (full 0):
 garbage-first heap   total 352256K, used 307066K [0x0000000080000000, 0x0000000100000000)
  region size 1024K, 72 young (73728K), 7 survivors (7168K)
 Metaspace       used 120524K, committed 121856K, reserved 557056K
  class space    used 16701K, committed 17344K, reserved 425984K
}
Event: 43.354 GC heap after
{Heap after GC invocations=67 (full 0):
 garbage-first heap   total 352256K, used 239275K [0x0000000080000000, 0x0000000100000000)
  region size 1024K, 4 young (4096K), 4 survivors (4096K)
 Metaspace       used 120524K, committed 121856K, reserved 557056K
  class space    used 16701K, committed 17344K, reserved 425984K
}
Event: 46.677 GC heap before
{Heap before GC invocations=67 (full 0):
 garbage-first heap   total 352256K, used 314027K [0x0000000080000000, 0x0000000100000000)
  region size 1024K, 67 young (68608K), 4 survivors (4096K)
 Metaspace       used 124617K, committed 126016K, reserved 557056K
  class space    used 17136K, committed 17792K, reserved 425984K
}
Event: 46.685 GC heap after
{Heap after GC invocations=68 (full 0):
 garbage-first heap   total 352256K, used 241630K [0x0000000080000000, 0x0000000100000000)
  region size 1024K, 7 young (7168K), 7 survivors (7168K)
 Metaspace       used 124617K, committed 126016K, reserved 557056K
  class space    used 17136K, committed 17792K, reserved 425984K
}
Event: 52.096 GC heap before
{Heap before GC invocations=68 (full 0):
 garbage-first heap   total 352256K, used 309214K [0x0000000080000000, 0x0000000100000000)
  region size 1024K, 68 young (69632K), 7 survivors (7168K)
 Metaspace       used 125503K, committed 126912K, reserved 557056K
  class space    used 17244K, committed 17920K, reserved 425984K
}
Event: 52.106 GC heap after
{Heap after GC invocations=69 (full 0):
 garbage-first heap   total 352256K, used 244259K [0x0000000080000000, 0x0000000100000000)
  region size 1024K, 6 young (6144K), 6 survivors (6144K)
 Metaspace       used 125503K, committed 126912K, reserved 557056K
  class space    used 17244K, committed 17920K, reserved 425984K
}
Event: 57.108 GC heap before
{Heap before GC invocations=69 (full 0):
 garbage-first heap   total 352256K, used 305699K [0x0000000080000000, 0x0000000100000000)
  region size 1024K, 50 young (51200K), 6 survivors (6144K)
 Metaspace       used 127121K, committed 128512K, reserved 557056K
  class space    used 17440K, committed 18112K, reserved 425984K
}
Event: 57.118 GC heap after
{Heap after GC invocations=70 (full 0):
 garbage-first heap   total 352256K, used 265652K [0x0000000080000000, 0x0000000100000000)
  region size 1024K, 6 young (6144K), 6 survivors (6144K)
 Metaspace       used 127121K, committed 128512K, reserved 557056K
  class space    used 17440K, committed 18112K, reserved 425984K
}
Event: 57.126 GC heap before
{Heap before GC invocations=70 (full 0):
 garbage-first heap   total 352256K, used 283060K [0x0000000080000000, 0x0000000100000000)
  region size 1024K, 7 young (7168K), 6 survivors (6144K)
 Metaspace       used 127126K, committed 128512K, reserved 557056K
  class space    used 17440K, committed 18112K, reserved 425984K
}
Event: 57.132 GC heap after
{Heap after GC invocations=71 (full 0):
 garbage-first heap   total 352256K, used 284563K [0x0000000080000000, 0x0000000100000000)
  region size 1024K, 2 young (2048K), 2 survivors (2048K)
 Metaspace       used 127126K, committed 128512K, reserved 557056K
  class space    used 17440K, committed 18112K, reserved 425984K
}
Event: 57.177 GC heap before
{Heap before GC invocations=71 (full 0):
 garbage-first heap   total 362496K, used 354195K [0x0000000080000000, 0x0000000100000000)
  region size 1024K, 8 young (8192K), 2 survivors (2048K)
 Metaspace       used 127132K, committed 128512K, reserved 557056K
  class space    used 17440K, committed 18112K, reserved 425984K
}
Event: 57.180 GC heap after
{Heap after GC invocations=72 (full 0):
 garbage-first heap   total 365568K, used 356630K [0x0000000080000000, 0x0000000100000000)
  region size 1024K, 3 young (3072K), 3 survivors (3072K)
 Metaspace       used 127132K, committed 128512K, reserved 557056K
  class space    used 17440K, committed 18112K, reserved 425984K
}
Event: 57.183 GC heap before
{Heap before GC invocations=72 (full 0):
 garbage-first heap   total 365568K, used 356630K [0x0000000080000000, 0x0000000100000000)
  region size 1024K, 5 young (5120K), 3 survivors (3072K)
 Metaspace       used 127132K, committed 128512K, reserved 557056K
  class space    used 17440K, committed 18112K, reserved 425984K
}
Event: 57.185 GC heap after
{Heap after GC invocations=73 (full 0):
 garbage-first heap   total 365568K, used 358432K [0x0000000080000000, 0x0000000100000000)
  region size 1024K, 2 young (2048K), 2 survivors (2048K)
 Metaspace       used 127132K, committed 128512K, reserved 557056K
  class space    used 17440K, committed 18112K, reserved 425984K
}
Event: 57.189 GC heap before
{Heap before GC invocations=73 (full 0):
 garbage-first heap   total 365568K, used 361504K [0x0000000080000000, 0x0000000100000000)
  region size 1024K, 2 young (2048K), 2 survivors (2048K)
 Metaspace       used 127132K, committed 128512K, reserved 557056K
  class space    used 17440K, committed 18112K, reserved 425984K
}
Event: 57.190 GC heap after
{Heap after GC invocations=74 (full 0):
 garbage-first heap   total 365568K, used 361218K [0x0000000080000000, 0x0000000100000000)
  region size 1024K, 2 young (2048K), 2 survivors (2048K)
 Metaspace       used 127132K, committed 128512K, reserved 557056K
  class space    used 17440K, committed 18112K, reserved 425984K
}
Event: 57.221 GC heap before
{Heap before GC invocations=74 (full 0):
 garbage-first heap   total 368640K, used 364290K [0x0000000080000000, 0x0000000100000000)
  region size 1024K, 3 young (3072K), 2 survivors (2048K)
 Metaspace       used 127132K, committed 128512K, reserved 557056K
  class space    used 17440K, committed 18112K, reserved 425984K
}

